android/app/build/intermediates/manifest_merge_blame_file/debug/manifest-merger-blame-debug-report.txt
1<?xml version="1.0" encoding="utf-8"?>
2<manifest xmlns:android="http://schemas.android.com/apk/res/android"
3    package="com.meau"
4    android:versionCode="1"
5    android:versionName="1.0" >
6
7    <uses-sdk
8        android:minSdkVersion="29"
9        android:targetSdkVersion="29" />
10
11    <uses-permission android:name="android.permission.SYSTEM_ALERT_WINDOW" />
11-->src\main\AndroidManifest.xml:5:5-77
11-->src\main\AndroidManifest.xml:5:22-75
12    <uses-permission android:name="android.permission.INTERNET" />
12-->src\main\AndroidManifest.xml:4:5-67
12-->src\main\AndroidManifest.xml:4:22-64
13    <uses-permission android:name="android.permission.CAMERA" />
13-->src\main\AndroidManifest.xml:6:5-65
13-->src\main\AndroidManifest.xml:6:22-62
14    <uses-permission android:name="android.permission.WRITE_EXTERNAL_STORAGE" />
14-->src\main\AndroidManifest.xml:7:5-80
14-->src\main\AndroidManifest.xml:7:22-78
15    <uses-permission android:name="android.permission.ACCESS_WIFI_STATE" />
<<<<<<< HEAD
15-->[com.facebook.flipper:flipper:0.54.0] AndroidManifest.xml:16:5-76
15-->[com.facebook.flipper:flipper:0.54.0] AndroidManifest.xml:16:22-73
16
17    <application
17-->src\main\AndroidManifest.xml:9:5-28:19
18        android:name="com.meau.MainApplication"
18-->src\main\AndroidManifest.xml:10:7-38
19        android:allowBackup="false"
19-->src\main\AndroidManifest.xml:14:7-34
20        android:appComponentFactory="androidx.core.app.CoreComponentFactory"
20-->[androidx.core:core:1.3.1] AndroidManifest.xml:24:18-86
21        android:debuggable="true"
22        android:extractNativeLibs="false"
23        android:icon="@mipmap/ic_launcher"
23-->src\main\AndroidManifest.xml:12:7-41
24        android:label="@string/app_name"
24-->src\main\AndroidManifest.xml:11:7-39
25        android:roundIcon="@mipmap/ic_launcher_round"
25-->src\main\AndroidManifest.xml:13:7-52
26        android:theme="@style/AppTheme"
26-->src\main\AndroidManifest.xml:15:7-38
27        android:usesCleartextTraffic="true" >
27-->src\debug\AndroidManifest.xml:7:18-53
28        <activity
28-->src\main\AndroidManifest.xml:16:7-26:18
29            android:name="com.meau.MainActivity"
29-->src\main\AndroidManifest.xml:17:9-37
30            android:configChanges="keyboard|keyboardHidden|orientation|screenSize|uiMode"
30-->src\main\AndroidManifest.xml:19:9-86
31            android:label="@string/app_name"
31-->src\main\AndroidManifest.xml:18:9-41
32            android:launchMode="singleTask"
32-->src\main\AndroidManifest.xml:20:9-40
33            android:windowSoftInputMode="adjustResize" >
33-->src\main\AndroidManifest.xml:21:9-51
34            <intent-filter>
34-->src\main\AndroidManifest.xml:22:9-25:25
35                <action android:name="android.intent.action.MAIN" />
35-->src\main\AndroidManifest.xml:23:13-65
35-->src\main\AndroidManifest.xml:23:21-62
36
37                <category android:name="android.intent.category.LAUNCHER" />
37-->src\main\AndroidManifest.xml:24:13-73
37-->src\main\AndroidManifest.xml:24:23-70
38            </intent-filter>
39        </activity>
40        <activity android:name="com.facebook.react.devsupport.DevSettingsActivity" />
40-->src\main\AndroidManifest.xml:27:7-84
40-->src\main\AndroidManifest.xml:27:17-81
41
42        <provider
42-->[:react-native-image-picker] AndroidManifest.xml:12:9-20:20
43            android:name="com.imagepicker.ImagePickerProvider"
43-->[:react-native-image-picker] AndroidManifest.xml:13:13-63
44            android:authorities="com.meau.imagepickerprovider"
44-->[:react-native-image-picker] AndroidManifest.xml:14:13-71
45            android:exported="false"
45-->[:react-native-image-picker] AndroidManifest.xml:15:13-37
46            android:grantUriPermissions="true" >
46-->[:react-native-image-picker] AndroidManifest.xml:16:13-47
47            <meta-data
47-->[:react-native-image-picker] AndroidManifest.xml:17:13-19:70
48                android:name="android.support.FILE_PROVIDER_PATHS"
48-->[:react-native-image-picker] AndroidManifest.xml:18:17-67
49                android:resource="@xml/imagepicker_provider_paths" />
49-->[:react-native-image-picker] AndroidManifest.xml:19:17-67
50        </provider>
51    </application>
52
53</manifest>
=======
15-->[com.facebook.flipper:flipper:0.54.0] AndroidManifest.xml:16:5-76
15-->[com.facebook.flipper:flipper:0.54.0] AndroidManifest.xml:16:22-73
16    <uses-permission android:name="android.permission.WAKE_LOCK" />
16-->[:react-native-firebase_auth] AndroidManifest.xml:12:5-68
16-->[:react-native-firebase_auth] AndroidManifest.xml:12:22-65
17    <uses-permission android:name="android.permission.ACCESS_NETWORK_STATE" />
17-->[:react-native-firebase_auth] AndroidManifest.xml:13:5-79
17-->[:react-native-firebase_auth] AndroidManifest.xml:13:22-76
18
19    <queries>
19-->[:react-native-image-crop-picker] AndroidManifest.xml:10:5-14:15
20        <intent>
20-->[:react-native-image-crop-picker] AndroidManifest.xml:11:9-13:18
21            <action android:name="android.media.action.IMAGE_CAPTURE" />
21-->[:react-native-image-crop-picker] AndroidManifest.xml:12:13-73
21-->[:react-native-image-crop-picker] AndroidManifest.xml:12:21-70
22        </intent>
23    </queries>
24
25    <application
25-->src/main/AndroidManifest.xml:9:5-28:19
26        android:name="com.meau.MainApplication"
26-->src/main/AndroidManifest.xml:10:7-38
27        android:allowBackup="false"
27-->src/main/AndroidManifest.xml:14:7-34
28        android:appComponentFactory="androidx.core.app.CoreComponentFactory"
28-->[androidx.core:core:1.1.0] AndroidManifest.xml:24:18-86
29        android:debuggable="true"
30        android:extractNativeLibs="false"
31        android:icon="@mipmap/ic_launcher"
31-->src/main/AndroidManifest.xml:12:7-41
32        android:label="@string/app_name"
32-->src/main/AndroidManifest.xml:11:7-39
33        android:roundIcon="@mipmap/ic_launcher_round"
33-->src/main/AndroidManifest.xml:13:7-52
34        android:theme="@style/AppTheme"
34-->src/main/AndroidManifest.xml:15:7-38
35        android:usesCleartextTraffic="true" >
35-->src/debug/AndroidManifest.xml:7:18-53
36        <activity
36-->src/main/AndroidManifest.xml:16:7-26:18
37            android:name="com.meau.MainActivity"
37-->src/main/AndroidManifest.xml:17:9-37
38            android:configChanges="keyboard|keyboardHidden|orientation|screenSize|uiMode"
38-->src/main/AndroidManifest.xml:19:9-86
39            android:label="@string/app_name"
39-->src/main/AndroidManifest.xml:18:9-41
40            android:launchMode="singleTask"
40-->src/main/AndroidManifest.xml:20:9-40
41            android:windowSoftInputMode="adjustResize" >
41-->src/main/AndroidManifest.xml:21:9-51
42            <intent-filter>
42-->src/main/AndroidManifest.xml:22:9-25:25
43                <action android:name="android.intent.action.MAIN" />
43-->src/main/AndroidManifest.xml:23:13-65
43-->src/main/AndroidManifest.xml:23:21-62
44
45                <category android:name="android.intent.category.LAUNCHER" />
45-->src/main/AndroidManifest.xml:24:13-73
45-->src/main/AndroidManifest.xml:24:23-70
46            </intent-filter>
47        </activity>
48        <activity android:name="com.facebook.react.devsupport.DevSettingsActivity" />
48-->src/main/AndroidManifest.xml:27:7-84
48-->src/main/AndroidManifest.xml:27:17-81
49
50        <provider
50-->[:react-native-image-crop-picker] AndroidManifest.xml:19:9-27:20
51            android:name="androidx.core.content.FileProvider"
51-->[:react-native-image-crop-picker] AndroidManifest.xml:20:13-62
52            android:authorities="com.meau.provider"
52-->[:react-native-image-crop-picker] AndroidManifest.xml:21:13-60
53            android:exported="false"
53-->[:react-native-image-crop-picker] AndroidManifest.xml:22:13-37
54            android:grantUriPermissions="true" >
54-->[:react-native-image-crop-picker] AndroidManifest.xml:23:13-47
55            <meta-data
55-->[:react-native-image-crop-picker] AndroidManifest.xml:24:13-26:58
56                android:name="android.support.FILE_PROVIDER_PATHS"
56-->[:react-native-image-crop-picker] AndroidManifest.xml:25:17-67
57                android:resource="@xml/provider_paths" />
57-->[:react-native-image-crop-picker] AndroidManifest.xml:26:17-55
58        </provider>
59
60        <activity
60-->[:react-native-image-crop-picker] AndroidManifest.xml:29:9-31:72
61            android:name="com.yalantis.ucrop.UCropActivity"
61-->[:react-native-image-crop-picker] AndroidManifest.xml:30:13-60
62            android:theme="@style/Theme.AppCompat.Light.NoActionBar" />
62-->[:react-native-image-crop-picker] AndroidManifest.xml:31:13-69
63        <activity
63-->[com.google.firebase:firebase-auth:20.0.3] AndroidManifest.xml:27:9-44:20
64            android:name="com.google.firebase.auth.internal.GenericIdpActivity"
64-->[com.google.firebase:firebase-auth:20.0.3] AndroidManifest.xml:28:13-80
65            android:excludeFromRecents="true"
65-->[com.google.firebase:firebase-auth:20.0.3] AndroidManifest.xml:29:13-46
66            android:exported="true"
66-->[com.google.firebase:firebase-auth:20.0.3] AndroidManifest.xml:30:13-36
67            android:launchMode="singleTask"
67-->[com.google.firebase:firebase-auth:20.0.3] AndroidManifest.xml:31:13-44
68            android:theme="@android:style/Theme.Translucent.NoTitleBar" >
68-->[com.google.firebase:firebase-auth:20.0.3] AndroidManifest.xml:32:13-72
69            <intent-filter>
69-->[com.google.firebase:firebase-auth:20.0.3] AndroidManifest.xml:33:13-43:29
70                <action android:name="android.intent.action.VIEW" />
70-->[com.google.firebase:firebase-auth:20.0.3] AndroidManifest.xml:34:17-69
70-->[com.google.firebase:firebase-auth:20.0.3] AndroidManifest.xml:34:25-66
71
72                <category android:name="android.intent.category.DEFAULT" />
72-->[com.google.firebase:firebase-auth:20.0.3] AndroidManifest.xml:36:17-76
72-->[com.google.firebase:firebase-auth:20.0.3] AndroidManifest.xml:36:27-73
73                <category android:name="android.intent.category.BROWSABLE" />
73-->[com.google.firebase:firebase-auth:20.0.3] AndroidManifest.xml:37:17-78
73-->[com.google.firebase:firebase-auth:20.0.3] AndroidManifest.xml:37:27-75
74
75                <data
75-->[com.google.firebase:firebase-auth:20.0.3] AndroidManifest.xml:39:17-42:51
76                    android:host="firebase.auth"
76-->[com.google.firebase:firebase-auth:20.0.3] AndroidManifest.xml:40:21-49
77                    android:path="/"
77-->[com.google.firebase:firebase-auth:20.0.3] AndroidManifest.xml:41:21-37
78                    android:scheme="genericidp" />
78-->[com.google.firebase:firebase-auth:20.0.3] AndroidManifest.xml:42:21-48
79            </intent-filter>
80        </activity>
81        <activity
81-->[com.google.firebase:firebase-auth:20.0.3] AndroidManifest.xml:45:9-62:20
82            android:name="com.google.firebase.auth.internal.RecaptchaActivity"
82-->[com.google.firebase:firebase-auth:20.0.3] AndroidManifest.xml:46:13-79
83            android:excludeFromRecents="true"
83-->[com.google.firebase:firebase-auth:20.0.3] AndroidManifest.xml:47:13-46
84            android:exported="true"
84-->[com.google.firebase:firebase-auth:20.0.3] AndroidManifest.xml:48:13-36
85            android:launchMode="singleTask"
85-->[com.google.firebase:firebase-auth:20.0.3] AndroidManifest.xml:49:13-44
86            android:theme="@android:style/Theme.Translucent.NoTitleBar" >
86-->[com.google.firebase:firebase-auth:20.0.3] AndroidManifest.xml:50:13-72
87            <intent-filter>
87-->[com.google.firebase:firebase-auth:20.0.3] AndroidManifest.xml:51:13-61:29
88                <action android:name="android.intent.action.VIEW" />
88-->[com.google.firebase:firebase-auth:20.0.3] AndroidManifest.xml:34:17-69
88-->[com.google.firebase:firebase-auth:20.0.3] AndroidManifest.xml:34:25-66
89
90                <category android:name="android.intent.category.DEFAULT" />
90-->[com.google.firebase:firebase-auth:20.0.3] AndroidManifest.xml:36:17-76
90-->[com.google.firebase:firebase-auth:20.0.3] AndroidManifest.xml:36:27-73
91                <category android:name="android.intent.category.BROWSABLE" />
91-->[com.google.firebase:firebase-auth:20.0.3] AndroidManifest.xml:37:17-78
91-->[com.google.firebase:firebase-auth:20.0.3] AndroidManifest.xml:37:27-75
92
93                <data
93-->[com.google.firebase:firebase-auth:20.0.3] AndroidManifest.xml:39:17-42:51
94                    android:host="firebase.auth"
94-->[com.google.firebase:firebase-auth:20.0.3] AndroidManifest.xml:40:21-49
95                    android:path="/"
95-->[com.google.firebase:firebase-auth:20.0.3] AndroidManifest.xml:41:21-37
96                    android:scheme="recaptcha" />
96-->[com.google.firebase:firebase-auth:20.0.3] AndroidManifest.xml:42:21-48
97            </intent-filter>
98        </activity>
99
100        <service
100-->[com.google.firebase:firebase-auth:20.0.3] AndroidManifest.xml:64:9-73:19
101            android:name="com.google.firebase.auth.api.fallback.service.FirebaseAuthFallbackService"
101-->[com.google.firebase:firebase-auth:20.0.3] AndroidManifest.xml:65:13-101
102            android:enabled="true"
102-->[com.google.firebase:firebase-auth:20.0.3] AndroidManifest.xml:66:13-35
103            android:exported="false" >
103-->[com.google.firebase:firebase-auth:20.0.3] AndroidManifest.xml:67:13-37
104            <intent-filter>
104-->[com.google.firebase:firebase-auth:20.0.3] AndroidManifest.xml:68:13-72:29
105                <action android:name="com.google.firebase.auth.api.gms.service.START" />
105-->[com.google.firebase:firebase-auth:20.0.3] AndroidManifest.xml:69:17-89
105-->[com.google.firebase:firebase-auth:20.0.3] AndroidManifest.xml:69:25-86
106
107                <category android:name="android.intent.category.DEFAULT" />
107-->[com.google.firebase:firebase-auth:20.0.3] AndroidManifest.xml:36:17-76
107-->[com.google.firebase:firebase-auth:20.0.3] AndroidManifest.xml:36:27-73
108            </intent-filter>
109        </service>
110        <service
110-->[com.google.firebase:firebase-auth:20.0.3] AndroidManifest.xml:74:9-80:19
111            android:name="com.google.firebase.components.ComponentDiscoveryService"
111-->[com.google.firebase:firebase-auth:20.0.3] AndroidManifest.xml:75:13-84
112            android:directBootAware="true"
112-->[com.google.firebase:firebase-common:19.5.0] AndroidManifest.xml:35:13-43
113            android:exported="false" >
113-->[com.google.firebase:firebase-auth:20.0.3] AndroidManifest.xml:76:13-37
114            <meta-data
114-->[com.google.firebase:firebase-auth:20.0.3] AndroidManifest.xml:77:13-79:85
115                android:name="com.google.firebase.components:com.google.firebase.auth.FirebaseAuthRegistrar"
115-->[com.google.firebase:firebase-auth:20.0.3] AndroidManifest.xml:78:17-109
116                android:value="com.google.firebase.components.ComponentRegistrar" />
116-->[com.google.firebase:firebase-auth:20.0.3] AndroidManifest.xml:79:17-82
117            <!--
118                This registrar is not defined in the dynamic-module-support sdk itself to allow non-firebase
119                clients to use it as well, by defining this registrar in their own core/common library.
120            -->
121            <meta-data
121-->[com.google.firebase:firebase-common:19.5.0] AndroidManifest.xml:43:13-45:85
122                android:name="com.google.firebase.components:com.google.firebase.dynamicloading.DynamicLoadingRegistrar"
122-->[com.google.firebase:firebase-common:19.5.0] AndroidManifest.xml:44:17-121
123                android:value="com.google.firebase.components.ComponentRegistrar" />
123-->[com.google.firebase:firebase-common:19.5.0] AndroidManifest.xml:45:17-82
124        </service>
125
126        <provider
126-->[com.google.firebase:firebase-common:19.5.0] AndroidManifest.xml:26:9-31:39
127            android:name="com.google.firebase.provider.FirebaseInitProvider"
127-->[com.google.firebase:firebase-common:19.5.0] AndroidManifest.xml:27:13-77
128            android:authorities="com.meau.firebaseinitprovider"
128-->[com.google.firebase:firebase-common:19.5.0] AndroidManifest.xml:28:13-72
129            android:directBootAware="true"
129-->[com.google.firebase:firebase-common:19.5.0] AndroidManifest.xml:29:13-43
130            android:exported="false"
130-->[com.google.firebase:firebase-common:19.5.0] AndroidManifest.xml:30:13-37
131            android:initOrder="100" />
131-->[com.google.firebase:firebase-common:19.5.0] AndroidManifest.xml:31:13-36
132
133        <activity
133-->[com.google.android.gms:play-services-auth:19.0.0] AndroidManifest.xml:23:9-27:75
134            android:name="com.google.android.gms.auth.api.signin.internal.SignInHubActivity"
134-->[com.google.android.gms:play-services-auth:19.0.0] AndroidManifest.xml:24:13-93
135            android:excludeFromRecents="true"
135-->[com.google.android.gms:play-services-auth:19.0.0] AndroidManifest.xml:25:13-46
136            android:exported="false"
136-->[com.google.android.gms:play-services-auth:19.0.0] AndroidManifest.xml:26:13-37
137            android:theme="@android:style/Theme.Translucent.NoTitleBar" />
137-->[com.google.android.gms:play-services-auth:19.0.0] AndroidManifest.xml:27:13-72
138        <!--
139            Service handling Google Sign-In user revocation. For apps that do not integrate with
140            Google Sign-In, this service will never be started.
141        -->
142        <service
142-->[com.google.android.gms:play-services-auth:19.0.0] AndroidManifest.xml:33:9-37:51
143            android:name="com.google.android.gms.auth.api.signin.RevocationBoundService"
143-->[com.google.android.gms:play-services-auth:19.0.0] AndroidManifest.xml:34:13-89
144            android:exported="true"
144-->[com.google.android.gms:play-services-auth:19.0.0] AndroidManifest.xml:35:13-36
145            android:permission="com.google.android.gms.auth.api.signin.permission.REVOCATION_NOTIFICATION"
145-->[com.google.android.gms:play-services-auth:19.0.0] AndroidManifest.xml:36:13-107
146            android:visibleToInstantApps="true" />
146-->[com.google.android.gms:play-services-auth:19.0.0] AndroidManifest.xml:37:13-48
147
148        <activity
148-->[com.google.android.gms:play-services-base:17.1.0] AndroidManifest.xml:23:9-26:75
149            android:name="com.google.android.gms.common.api.GoogleApiActivity"
149-->[com.google.android.gms:play-services-base:17.1.0] AndroidManifest.xml:24:13-79
150            android:exported="false"
150-->[com.google.android.gms:play-services-base:17.1.0] AndroidManifest.xml:25:13-37
151            android:theme="@android:style/Theme.Translucent.NoTitleBar" />
151-->[com.google.android.gms:play-services-base:17.1.0] AndroidManifest.xml:26:13-72
152
153        <meta-data
153-->[com.google.android.gms:play-services-basement:17.1.1] AndroidManifest.xml:23:9-25:69
154            android:name="com.google.android.gms.version"
154-->[com.google.android.gms:play-services-basement:17.1.1] AndroidManifest.xml:24:13-58
155            android:value="@integer/google_play_services_version" />
155-->[com.google.android.gms:play-services-basement:17.1.1] AndroidManifest.xml:25:13-66
156    </application>
157
158</manifest>
>>>>>>> 1193b6df619b488cd295aeb7645d1d2f97bdfae2